[16:05:19.912209 DEBUG] [openstudio.workflow.OSWorkflow] Removing existing run directory: /tmp/osmodel-867b-bb4c-460d-ec91-1773871010-0/resources/run
[16:05:19.912263 DEBUG] [openstudio.workflow.OSWorkflow] Registering that the workflow has started with the adapter
[16:05:19.912334 DEBUG] [openstudio.workflow.OSWorkflow] Initialization - selected = true
[16:05:19.912377 DEBUG] [openstudio.workflow.OSWorkflow] The root_dir for the datapoint is /tmp/osmodel-867b-bb4c-460d-ec91-1773871010-0/resources
[16:05:19.912398 DEBUG] [openstudio.workflow.OSWorkflow] Removing existing generated files directory: /tmp/osmodel-867b-bb4c-460d-ec91-1773871010-0/resources/generated_files
[16:05:19.912448 DEBUG] [openstudio.workflow.OSWorkflow] Creating generated files directory: /tmp/osmodel-867b-bb4c-460d-ec91-1773871010-0/resources/generated_files
[16:05:19.912535 DEBUG] [openstudio.workflow.OSWorkflow] Removing existing reports directory: /tmp/osmodel-867b-bb4c-460d-ec91-1773871010-0/resources/reports
[16:05:19.912951 INFO] [openstudio.workflow.OSWorkflow] Attempting to validate the measure workflow
[16:05:19.913014 DEBUG] [openstudio.WorkflowJSON] Validating step 0
[16:05:19.915190 DEBUG] [openstudio.WorkflowJSON] Validating step 1
[16:05:19.917383 DEBUG] [openstudio.WorkflowJSON] Validating step 2
[16:05:19.921852 DEBUG] [openstudio.WorkflowJSON] Validating step 3
[16:05:19.924090 DEBUG] [openstudio.WorkflowJSON] Validating step 4
[16:05:19.925593 DEBUG] [openstudio.WorkflowJSON] Validating step 5
[16:05:19.926870 DEBUG] [openstudio.WorkflowJSON] Validating step 6
[16:05:19.927909 INFO] [openstudio.workflow.OSWorkflow] Validated the measure workflow
[16:05:19.927931 DEBUG] [openstudio.workflow.OSWorkflow] Finding and loading the seed file
[16:05:19.928130 INFO] [openstudio.worklow.Util] Loading OSM model
[16:05:19.928144 INFO] [openstudio.worklow.Util] Reading in OSM model /tmp/osmodel-867b-bb4c-460d-ec91-1773871010-0/005_measures_techos.osm
[16:05:19.935894 DEBUG] [openstudio.osversion.VersionTranslator] Starting translation from Version 3.11.0.
[16:05:19.943374 DEBUG] [openstudio.osversion.VersionTranslator] Initial model has 78 objects.
[16:05:19.943481 DEBUG] [openstudio.osversion.VersionTranslator] Final model has 78 objects in IDF form.
[16:05:19.945382 DEBUG] [utilities.idf.Workspace] Workspace::isValid called.
[16:05:19.948621 DEBUG] [openstudio.osversion.VersionTranslator] Final model has 78 objects in Model form.
[16:05:19.949033 DEBUG] [openstudio.workflow.OSWorkflow] Initialize the weather file from osw
[16:05:19.949065 DEBUG] [openstudio.workflow.OSWorkflow] Search for weather file defined by osw MEX_MOR_Cuernavaca-Matamoros.Intl.AP.767260_TMYx.2009-2023.epw
[16:05:19.957139 INFO] [openstudio.EpwFile] Found 3 ground temperature depths in the EPW file '/tmp/osmodel-867b-bb4c-460d-ec91-1773871010-0/resources/files/MEX_MOR_Cuernavaca-Matamoros.Intl.AP.767260_TMYx.2009-2023.epw'
[16:05:19.957311 DEBUG] [openstudio.EpwFile] No Daylightings Saving start Date
[16:05:19.958679 INFO] [openstudio.EpwFile] Successive data points (2009-Jan-31 to 2020-Feb-01, ending on line 753) are greater than 1 day apart in EPW file '/tmp/osmodel-867b-bb4c-460d-ec91-1773871010-0/resources/files/MEX_MOR_Cuernavaca-Matamoros.Intl.AP.767260_TMYx.2009-2023.epw'. Data will be treated as typical (TMY)
[16:05:19.981742 DEBUG] [openstudio.workflow.OSWorkflow] OpenStudioMeasures - selected = true
[16:05:19.981778 INFO] [openstudio.workflow.OSWorkflow] Beginning to execute OpenStudio Measures
[16:05:19.981790 DEBUG] [openstudio.workflow.OSWorkflow] Finding measures of type ModelMeasure
[16:05:19.981804 DEBUG] [openstudio.workflow.OSWorkflow] Running step 0
[16:05:19.981844 DEBUG] [openstudio.workflow.OSWorkflow] Find model's weather file and update LastEpwFilePath
[16:05:19.981863 DEBUG] [openstudio.workflow.OSWorkflow] Search for weather file /tmp/osmodel-867b-bb4c-460d-ec91-1773871010-0/resources/files/MEX_MOR_Cuernavaca-Matamoros.Intl.AP.767260_TMYx.2009-2023.epw
[16:05:19.981913 DEBUG] [openstudio.workflow.OSWorkflow] Creating run directory for measure in '/tmp/osmodel-867b-bb4c-460d-ec91-1773871010-0/resources/run/000_AddOutputVariable'
[16:05:19.983557 DEBUG] [openstudio.workflow.OSWorkflow] Found AddOutputVariable at primaryScriptPath: '/tmp/osmodel-867b-bb4c-460d-ec91-1773871010-0/resources/measures/AddOutputVariable/measure.rb'
[16:05:19.983618 DEBUG] [openstudio.workflow.OSWorkflow] Class Name: AddOutputVariable
[16:05:19.983629 DEBUG] [openstudio.workflow.OSWorkflow] Measure Script Path: /tmp/osmodel-867b-bb4c-460d-ec91-1773871010-0/resources/measures/AddOutputVariable/measure.rb
[16:05:19.983641 DEBUG] [openstudio.workflow.OSWorkflow] Measure Type: ModelMeasure
[16:05:19.983651 DEBUG] [openstudio.workflow.OSWorkflow] Measure Language: Ruby
[16:05:19.984495 DEBUG] [ApplicationPathHelpers] getOpenStudioModule, info.dli_fname = '/usr/local/openstudioapplication-1.11.0-rc2/bin/../lib/libopenstudiolib.so'
[16:05:19.984561 DEBUG] [PathHelpers] completeAndNormalize: result = /usr/local/openstudioapplication-1.11.0-rc2/lib/libopenstudiolib.so
[16:05:19.984573 DEBUG] [ApplicationPathHelpers] getOpenStudioModule, found '/usr/local/openstudioapplication-1.11.0-rc2/lib/libopenstudiolib.so'
[16:05:20.366586 DEBUG] [ruby] Found system gem abbrev 0.1.1, overrides embedded gem
[16:05:20.366832 DEBUG] [ruby] Found system gem base64 0.1.1, overrides embedded gem
[16:05:20.367001 DEBUG] [ruby] Found system gem benchmark 0.2.1, overrides embedded gem
[16:05:20.367164 DEBUG] [ruby] Found system gem bigdecimal 3.1.3, overrides embedded gem
[16:05:20.367766 DEBUG] [ruby] Found system gem bundler 2.4.10, overrides embedded gem
[16:05:20.370609 DEBUG] [ruby] Found system gem cgi 0.3.6, overrides embedded gem
[16:05:20.371249 DEBUG] [ruby] Found system gem csv 3.2.6, overrides embedded gem
[16:05:20.371734 DEBUG] [ruby] Found system gem date 3.3.3, overrides embedded gem
[16:05:20.372322 DEBUG] [ruby] Found system gem delegate 0.3.0, overrides embedded gem
[16:05:20.372860 DEBUG] [ruby] Found system gem did_you_mean 1.6.3, overrides embedded gem
[16:05:20.373544 DEBUG] [ruby] Found system gem digest 3.1.1, overrides embedded gem
[16:05:20.374058 DEBUG] [ruby] Found system gem drb 2.1.1, overrides embedded gem
[16:05:20.374500 DEBUG] [ruby] Found system gem english 0.7.2, overrides embedded gem
[16:05:20.374975 DEBUG] [ruby] Found system gem erb 4.0.2, overrides embedded gem
[16:05:20.376007 DEBUG] [ruby] Found system gem error_highlight 0.5.1, overrides embedded gem
[16:05:20.376752 DEBUG] [ruby] Found system gem etc 1.4.2, overrides embedded gem
[16:05:20.377249 DEBUG] [ruby] Found system gem fcntl 1.0.2, overrides embedded gem
[16:05:20.377828 DEBUG] [ruby] Found system gem fiddle 1.1.1, overrides embedded gem
[16:05:20.378125 DEBUG] [ruby] Found system gem fileutils 1.7.0, overrides embedded gem
[16:05:20.378539 DEBUG] [ruby] Found system gem find 0.1.1, overrides embedded gem
[16:05:20.379072 DEBUG] [ruby] Found system gem forwardable 1.3.3, overrides embedded gem
[16:05:20.379312 DEBUG] [ruby] Found system gem getoptlong 0.2.0, overrides embedded gem
[16:05:20.379479 DEBUG] [ruby] Found system gem io-console 0.6.0, overrides embedded gem
[16:05:20.379633 DEBUG] [ruby] Found system gem io-nonblock 0.2.0, overrides embedded gem
[16:05:20.379778 DEBUG] [ruby] Found system gem io-wait 0.3.0, overrides embedded gem
[16:05:20.379922 DEBUG] [ruby] Found system gem ipaddr 1.2.5, overrides embedded gem
[16:05:20.380178 DEBUG] [ruby] Found system gem irb 1.6.2, overrides embedded gem
[16:05:20.380411 DEBUG] [ruby] Found system gem json 2.6.3, overrides embedded gem
[16:05:20.380602 DEBUG] [ruby] Found system gem logger 1.5.3, overrides embedded gem
[16:05:20.380763 DEBUG] [ruby] Found system gem mutex_m 0.1.2, overrides embedded gem
[16:05:20.380950 DEBUG] [ruby] Found system gem net-http 0.3.2, overrides embedded gem
[16:05:20.381119 DEBUG] [ruby] Found system gem net-protocol 0.2.1, overrides embedded gem
[16:05:20.381274 DEBUG] [ruby] Found system gem nkf 0.1.2, overrides embedded gem
[16:05:20.381526 DEBUG] [ruby] Found system gem observer 0.1.1, overrides embedded gem
[16:05:20.381803 DEBUG] [ruby] Found system gem open-uri 0.3.0, overrides embedded gem
[16:05:20.381973 DEBUG] [ruby] Found system gem open3 0.1.2, overrides embedded gem
[16:05:20.382247 DEBUG] [ruby] Found system gem openssl 3.1.0, overrides embedded gem
[16:05:20.382490 DEBUG] [ruby] Found system gem optparse 0.3.1, overrides embedded gem
[16:05:20.382691 DEBUG] [ruby] Found system gem ostruct 0.5.5, overrides embedded gem
[16:05:20.382862 DEBUG] [ruby] Found system gem pathname 0.2.1, overrides embedded gem
[16:05:20.383088 DEBUG] [ruby] Found system gem pp 0.4.0, overrides embedded gem
[16:05:20.383250 DEBUG] [ruby] Found system gem prettyprint 0.1.1, overrides embedded gem
[16:05:20.383479 DEBUG] [ruby] Found system gem pstore 0.1.2, overrides embedded gem
[16:05:20.383735 DEBUG] [ruby] Found system gem psych 5.0.1, overrides embedded gem
[16:05:20.384057 DEBUG] [ruby] Found system gem racc 1.6.2, overrides embedded gem
[16:05:20.384512 DEBUG] [ruby] Found system gem rdoc 6.5.0, overrides embedded gem
[16:05:20.384840 DEBUG] [ruby] Found system gem readline 0.0.3, overrides embedded gem
[16:05:20.385040 DEBUG] [ruby] Found system gem readline-ext 0.1.5, overrides embedded gem
[16:05:20.385337 DEBUG] [ruby] Found system gem reline 0.3.2, overrides embedded gem
[16:05:20.385592 DEBUG] [ruby] Found system gem resolv 0.2.2, overrides embedded gem
[16:05:20.385877 DEBUG] [ruby] Found system gem resolv-replace 0.1.1, overrides embedded gem
[16:05:20.386148 DEBUG] [ruby] Found system gem rinda 0.1.1, overrides embedded gem
[16:05:20.386407 DEBUG] [ruby] Found system gem ruby2_keywords 0.0.5, overrides embedded gem
[16:05:20.386669 DEBUG] [ruby] Found system gem securerandom 0.2.2, overrides embedded gem
[16:05:20.386888 DEBUG] [ruby] Found system gem set 1.0.3, overrides embedded gem
[16:05:20.387108 DEBUG] [ruby] Found system gem shellwords 0.1.0, overrides embedded gem
[16:05:20.387263 DEBUG] [ruby] Found system gem singleton 0.1.1, overrides embedded gem
[16:05:20.387464 DEBUG] [ruby] Found system gem stringio 3.0.4, overrides embedded gem
[16:05:20.387668 DEBUG] [ruby] Found system gem strscan 3.0.5, overrides embedded gem
[16:05:20.387883 DEBUG] [ruby] Found system gem syntax_suggest 1.0.2, overrides embedded gem
[16:05:20.388050 DEBUG] [ruby] Found system gem syslog 0.1.1, overrides embedded gem
[16:05:20.388202 DEBUG] [ruby] Found system gem tempfile 0.1.3, overrides embedded gem
[16:05:20.388411 DEBUG] [ruby] Found system gem time 0.2.2, overrides embedded gem
[16:05:20.388617 DEBUG] [ruby] Found system gem timeout 0.3.1, overrides embedded gem
[16:05:20.388893 DEBUG] [ruby] Found system gem tmpdir 0.1.3, overrides embedded gem
[16:05:20.389296 DEBUG] [ruby] Found system gem tsort 0.1.1, overrides embedded gem
[16:05:20.389713 DEBUG] [ruby] Found system gem un 0.2.1, overrides embedded gem
[16:05:20.390243 DEBUG] [ruby] Found system gem uri 0.12.1, overrides embedded gem
[16:05:20.390581 DEBUG] [ruby] Found system gem weakref 0.1.2, overrides embedded gem
[16:05:20.390858 DEBUG] [ruby] Found system gem yaml 0.2.1, overrides embedded gem
[16:05:20.391117 DEBUG] [ruby] Found system gem zlib 3.0.0, overrides embedded gem
[16:05:20.405241 DEBUG] [ruby] Found system gem bundler 2.4.10, overrides embedded gem
[16:05:20.428187 DEBUG] [ruby] Found system gem rexml 3.2.5, overrides embedded gem
[16:05:20.449153 DEBUG] [ruby] Adding dependency on debug '~> 1.7.1'
[16:05:20.449222 DEBUG] [ruby] Adding dependency on abbrev '~> 0.1.1'
[16:05:20.449241 DEBUG] [ruby] Adding dependency on base64 '~> 0.1.1'
[16:05:20.449255 DEBUG] [ruby] Adding dependency on benchmark '~> 0.2.1'
[16:05:20.449268 DEBUG] [ruby] Adding dependency on bigdecimal '~> 3.1.3'
[16:05:20.449290 DEBUG] [ruby] Adding dependency on bundler '~> 2.4.10'
[16:05:20.449318 DEBUG] [ruby] Adding dependency on cgi '~> 0.3.6'
[16:05:20.449332 DEBUG] [ruby] Adding dependency on csv '~> 3.2.6'
[16:05:20.449345 DEBUG] [ruby] Adding dependency on date '~> 3.3.3'
[16:05:20.449360 DEBUG] [ruby] Adding dependency on delegate '~> 0.3.0'
[16:05:20.449373 DEBUG] [ruby] Adding dependency on did_you_mean '~> 1.6.3'
[16:05:20.449397 DEBUG] [ruby] Adding dependency on digest '~> 3.1.1'
[16:05:20.449411 DEBUG] [ruby] Adding dependency on drb '~> 2.1.1'
[16:05:20.449424 DEBUG] [ruby] Adding dependency on english '~> 0.7.2'
[16:05:20.449437 DEBUG] [ruby] Adding dependency on erb '~> 4.0.2'
[16:05:20.449450 DEBUG] [ruby] Adding dependency on error_highlight '~> 0.5.1'
[16:05:20.449462 DEBUG] [ruby] Adding dependency on etc '~> 1.4.2'
[16:05:20.449475 DEBUG] [ruby] Adding dependency on fcntl '~> 1.0.2'
[16:05:20.449487 DEBUG] [ruby] Adding dependency on fiddle '~> 1.1.1'
[16:05:20.449502 DEBUG] [ruby] Adding dependency on fileutils '~> 1.7.0'
[16:05:20.449514 DEBUG] [ruby] Adding dependency on find '~> 0.1.1'
[16:05:20.449529 DEBUG] [ruby] Adding dependency on forwardable '~> 1.3.3'
[16:05:20.449542 DEBUG] [ruby] Adding dependency on getoptlong '~> 0.2.0'
[16:05:20.449555 DEBUG] [ruby] Adding dependency on io-console '~> 0.6.0'
[16:05:20.449677 DEBUG] [ruby] Adding dependency on io-nonblock '~> 0.2.0'
[16:05:20.449699 DEBUG] [ruby] Adding dependency on io-wait '~> 0.3.0'
[16:05:20.449711 DEBUG] [ruby] Adding dependency on ipaddr '~> 1.2.5'
[16:05:20.449723 DEBUG] [ruby] Adding dependency on irb '~> 1.6.2'
[16:05:20.449735 DEBUG] [ruby] Adding dependency on json '~> 2.6.3'
[16:05:20.449747 DEBUG] [ruby] Adding dependency on logger '~> 1.5.3'
[16:05:20.449758 DEBUG] [ruby] Adding dependency on mutex_m '~> 0.1.2'
[16:05:20.449770 DEBUG] [ruby] Adding dependency on net-http '~> 0.3.2'
[16:05:20.449781 DEBUG] [ruby] Adding dependency on net-protocol '~> 0.2.1'
[16:05:20.449793 DEBUG] [ruby] Adding dependency on nkf '~> 0.1.2'
[16:05:20.449804 DEBUG] [ruby] Adding dependency on observer '~> 0.1.1'
[16:05:20.449815 DEBUG] [ruby] Adding dependency on open-uri '~> 0.3.0'
[16:05:20.449827 DEBUG] [ruby] Adding dependency on open3 '~> 0.1.2'
[16:05:20.449838 DEBUG] [ruby] Adding dependency on openssl '~> 3.1.0'
[16:05:20.449850 DEBUG] [ruby] Adding dependency on optparse '~> 0.3.1'
[16:05:20.449861 DEBUG] [ruby] Adding dependency on ostruct '~> 0.5.5'
[16:05:20.449872 DEBUG] [ruby] Adding dependency on pathname '~> 0.2.1'
[16:05:20.449884 DEBUG] [ruby] Adding dependency on pp '~> 0.4.0'
[16:05:20.449895 DEBUG] [ruby] Adding dependency on prettyprint '~> 0.1.1'
[16:05:20.449906 DEBUG] [ruby] Adding dependency on pstore '~> 0.1.2'
[16:05:20.449918 DEBUG] [ruby] Adding dependency on psych '~> 5.0.1'
[16:05:20.449929 DEBUG] [ruby] Adding dependency on racc '~> 1.6.2'
[16:05:20.449941 DEBUG] [ruby] Adding dependency on rdoc '~> 6.5.0'
[16:05:20.449954 DEBUG] [ruby] Adding dependency on readline '~> 0.0.3'
[16:05:20.449966 DEBUG] [ruby] Adding dependency on readline-ext '~> 0.1.5'
[16:05:20.449977 DEBUG] [ruby] Adding dependency on reline '~> 0.3.2'
[16:05:20.449989 DEBUG] [ruby] Adding dependency on resolv '~> 0.2.2'
[16:05:20.450001 DEBUG] [ruby] Adding dependency on resolv-replace '~> 0.1.1'
[16:05:20.450014 DEBUG] [ruby] Adding dependency on rinda '~> 0.1.1'
[16:05:20.450026 DEBUG] [ruby] Adding dependency on ruby2_keywords '~> 0.0.5'
[16:05:20.450041 DEBUG] [ruby] Adding dependency on securerandom '~> 0.2.2'
[16:05:20.450054 DEBUG] [ruby] Adding dependency on set '~> 1.0.3'
[16:05:20.450074 DEBUG] [ruby] Adding dependency on shellwords '~> 0.1.0'
[16:05:20.450097 DEBUG] [ruby] Adding dependency on singleton '~> 0.1.1'
[16:05:20.450113 DEBUG] [ruby] Adding dependency on stringio '~> 3.0.4'
[16:05:20.450128 DEBUG] [ruby] Adding dependency on strscan '~> 3.0.5'
[16:05:20.450147 DEBUG] [ruby] Adding dependency on syntax_suggest '~> 1.0.2'
[16:05:20.450168 DEBUG] [ruby] Adding dependency on syslog '~> 0.1.1'
[16:05:20.450189 DEBUG] [ruby] Adding dependency on tempfile '~> 0.1.3'
[16:05:20.450210 DEBUG] [ruby] Adding dependency on time '~> 0.2.2'
[16:05:20.450230 DEBUG] [ruby] Adding dependency on timeout '~> 0.3.1'
[16:05:20.450251 DEBUG] [ruby] Adding dependency on tmpdir '~> 0.1.3'
[16:05:20.450266 DEBUG] [ruby] Adding dependency on tsort '~> 0.1.1'
[16:05:20.450294 DEBUG] [ruby] Adding dependency on un '~> 0.2.1'
[16:05:20.450321 DEBUG] [ruby] Adding dependency on uri '~> 0.12.1'
[16:05:20.450360 DEBUG] [ruby] Adding dependency on weakref '~> 0.1.2'
[16:05:20.450379 DEBUG] [ruby] Adding dependency on yaml '~> 0.2.1'
[16:05:20.450396 DEBUG] [ruby] Adding dependency on zlib '~> 3.0.0'
[16:05:20.450413 DEBUG] [ruby] Adding dependency on matrix '~> 0.4.3'
[16:05:20.450429 DEBUG] [ruby] Adding dependency on minitest '~> 5.14.4'
[16:05:20.450450 DEBUG] [ruby] Adding dependency on net-ftp '~> 0.2.0'
[16:05:20.450467 DEBUG] [ruby] Adding dependency on net-imap '~> 0.3.4'
[16:05:20.450487 DEBUG] [ruby] Adding dependency on net-pop '~> 0.1.2'
[16:05:20.450504 DEBUG] [ruby] Adding dependency on net-smtp '~> 0.3.3'
[16:05:20.450521 DEBUG] [ruby] Adding dependency on power_assert '~> 2.0.3'
[16:05:20.450540 DEBUG] [ruby] Adding dependency on prime '~> 0.1.2'
[16:05:20.450558 DEBUG] [ruby] Adding dependency on rake '~> 13.2.1'
[16:05:20.450576 DEBUG] [ruby] Adding dependency on rbs '~> 2.8.2'
[16:05:20.450594 DEBUG] [ruby] Adding dependency on rexml '~> 3.2.5'
[16:05:20.450612 DEBUG] [ruby] Adding dependency on rss '~> 0.2.9'
[16:05:20.450633 DEBUG] [ruby] Adding dependency on test-unit '~> 3.5.7'
[16:05:20.450654 DEBUG] [ruby] Adding dependency on typeprof '~> 0.21.3'
[16:05:20.450675 DEBUG] [ruby] Adding dependency on addressable '~> 2.8.1'
[16:05:20.450700 DEBUG] [ruby] Adding dependency on ansi '~> 1.5.0'
[16:05:20.450726 DEBUG] [ruby] Adding dependency on ast '~> 2.4.3'
[16:05:20.450747 DEBUG] [ruby] Adding dependency on bcl '~> 0.9.1'
[16:05:20.450772 DEBUG] [ruby] Adding dependency on builder '~> 3.2.4'
[16:05:20.450794 DEBUG] [ruby] Adding dependency on byebug '~> 11.1.3'
[16:05:20.450819 DEBUG] [ruby] Adding dependency on docile '~> 1.4.1'
[16:05:20.450837 DEBUG] [ruby] Adding dependency on faraday '~> 1.10.4'
[16:05:20.450853 DEBUG] [ruby] Adding dependency on faraday-em_http '~> 1.0.0'
[16:05:20.450869 DEBUG] [ruby] Adding dependency on faraday-em_synchrony '~> 1.0.1'
[16:05:20.450885 DEBUG] [ruby] Adding dependency on faraday-excon '~> 1.1.0'
[16:05:20.450903 DEBUG] [ruby] Adding dependency on faraday-httpclient '~> 1.0.1'
[16:05:20.450930 DEBUG] [ruby] Adding dependency on faraday-multipart '~> 1.2.0'
[16:05:20.450961 DEBUG] [ruby] Adding dependency on faraday-net_http '~> 1.0.2'
[16:05:20.450981 DEBUG] [ruby] Adding dependency on faraday-net_http_persistent '~> 1.2.0'
[16:05:20.451008 DEBUG] [ruby] Adding dependency on faraday-patron '~> 1.0.0'
[16:05:20.451029 DEBUG] [ruby] Adding dependency on faraday-rack '~> 1.0.0'
[16:05:20.451051 DEBUG] [ruby] Adding dependency on faraday-retry '~> 1.0.3'
[16:05:20.451073 DEBUG] [ruby] Adding dependency on git '~> 1.13.2'
[16:05:20.451093 DEBUG] [ruby] Adding dependency on jaro_winkler '~> 1.5.6'
[16:05:20.451113 DEBUG] [ruby] Adding dependency on json-schema '~> 4.3.1'
[16:05:20.451134 DEBUG] [ruby] Adding dependency on macaddr '~> 1.7.2'
[16:05:20.451157 DEBUG] [ruby] Adding dependency on minitar '~> 0.12.1'
[16:05:20.451179 DEBUG] [ruby] Adding dependency on minitest-reporters '~> 1.4.3'
[16:05:20.451201 DEBUG] [ruby] Adding dependency on msgpack '~> 1.7.2'
[16:05:20.451225 DEBUG] [ruby] Adding dependency on multipart-post '~> 2.4.1'
[16:05:20.451242 DEBUG] [ruby] Adding dependency on octokit '~> 4.18.0'
[16:05:20.451257 DEBUG] [ruby] Adding dependency on oga '~> 3.2'
[16:05:20.451272 DEBUG] [ruby] Adding dependency on openstudio-extension '~> 0.9.7'
[16:05:20.451302 DEBUG] [ruby] Adding dependency on openstudio-standards '~> 0.8.5'
[16:05:20.451326 DEBUG] [ruby] Adding dependency on openstudio-workflow '~> 2.5.0'
[16:05:20.451341 DEBUG] [ruby] Adding dependency on openstudio_measure_tester '~> 0.5.2'
[16:05:20.451358 DEBUG] [ruby] Adding dependency on oslg '~> 0.4.0'
[16:05:20.451375 DEBUG] [ruby] Adding dependency on osut '~> 0.8.0'
[16:05:20.451394 DEBUG] [ruby] Adding dependency on parallel '~> 1.19.2'
[16:05:20.451415 DEBUG] [ruby] Adding dependency on parser '~> 3.2.2.2'
[16:05:20.451435 DEBUG] [ruby] Adding dependency on public_suffix '~> 5.1.1'
[16:05:20.451458 DEBUG] [ruby] Adding dependency on rainbow '~> 3.1.1'
[16:05:20.451506 DEBUG] [ruby] Adding dependency on rchardet '~> 1.10.0'
[16:05:20.451532 DEBUG] [ruby] Adding dependency on regexp_parser '~> 2.9.0'
[16:05:20.451556 DEBUG] [ruby] Adding dependency on rubocop '~> 1.50.0'
[16:05:20.451582 DEBUG] [ruby] Adding dependency on rubocop-ast '~> 1.30.0'
[16:05:20.451608 DEBUG] [ruby] Adding dependency on rubocop-checkstyle_formatter '~> 0.6.0'
[16:05:20.451637 DEBUG] [ruby] Adding dependency on rubocop-performance '~> 1.20.0'
[16:05:20.451657 DEBUG] [ruby] Adding dependency on ruby-ll '~> 2.1.4'
[16:05:20.451683 DEBUG] [ruby] Adding dependency on ruby-ole '~> 1.2.13.1'
[16:05:20.451709 DEBUG] [ruby] Adding dependency on ruby-progressbar '~> 1.13.0'
[16:05:20.451916 DEBUG] [ruby] Adding dependency on rubyzip '~> 2.3.2'
[16:05:20.451963 DEBUG] [ruby] Adding dependency on sawyer '~> 0.8.2'
[16:05:20.451984 DEBUG] [ruby] Adding dependency on simplecov '~> 0.22.0'
[16:05:20.452004 DEBUG] [ruby] Adding dependency on simplecov-html '~> 0.13.2'
[16:05:20.452019 DEBUG] [ruby] Adding dependency on simplecov_json_formatter '~> 0.1.4'
[16:05:20.452037 DEBUG] [ruby] Adding dependency on spreadsheet '~> 1.2.9'
[16:05:20.452057 DEBUG] [ruby] Adding dependency on sqlite3 '~> 1.7.2'
[16:05:20.452074 DEBUG] [ruby] Adding dependency on systemu '~> 2.6.5'
[16:05:20.452092 DEBUG] [ruby] Adding dependency on tbd '~> 3.5.0'
[16:05:20.452108 DEBUG] [ruby] Adding dependency on topolys '~> 0.6.2'
[16:05:20.452125 DEBUG] [ruby] Adding dependency on unicode-display_width '~> 2.6.0'
[16:05:20.452141 DEBUG] [ruby] Adding dependency on uuid '~> 2.3.9'
[16:05:20.452157 DEBUG] [ruby] Adding dependency on webrick '~> 1.8.2'
[16:05:20.452173 DEBUG] [ruby] Adding dependency on yamler '~> 0.1.0'
[16:05:20.452190 DEBUG] [ruby] Adding dependency on zliby '~> 0.0.5'
[16:05:20.567363 DEBUG] [ruby] Processing 148 activation requests
[16:05:20.576706 DEBUG] [ruby] Activating gem :/ruby/gems/3.2.0/specifications/io-console-0.6.0.gemspec
[16:05:20.576811 DEBUG] [ruby] Activating gem :/ruby/gems/3.2.0/specifications/reline-0.3.2.gemspec
[16:05:20.576895 DEBUG] [ruby] Activating gem :/ruby/gems/3.2.0/specifications/irb-1.6.2.gemspec
[16:05:20.576946 DEBUG] [ruby] Activating gem :/ruby/gems/3.2.0/specifications/debug-1.7.1.gemspec
[16:05:20.577126 DEBUG] [ruby] Activating gem :/ruby/gems/3.2.0/specifications/abbrev-0.1.1.gemspec
[16:05:20.577167 DEBUG] [ruby] Activating gem :/ruby/gems/3.2.0/specifications/base64-0.1.1.gemspec
[16:05:20.577197 DEBUG] [ruby] Activating gem :/ruby/gems/3.2.0/specifications/benchmark-0.2.1.gemspec
[16:05:20.577225 DEBUG] [ruby] Activating gem :/ruby/gems/3.2.0/specifications/bigdecimal-3.1.3.gemspec
[16:05:20.577251 DEBUG] [ruby] Activating gem :/ruby/gems/3.2.0/specifications/bundler-2.4.10.gemspec
[16:05:20.577274 DEBUG] [ruby] Activating gem :/ruby/gems/3.2.0/specifications/cgi-0.3.6.gemspec
[16:05:20.577314 DEBUG] [ruby] Activating gem :/ruby/gems/3.2.0/specifications/csv-3.2.6.gemspec
[16:05:20.577382 DEBUG] [ruby] Activating gem :/ruby/gems/3.2.0/specifications/date-3.3.3.gemspec
[16:05:20.577421 DEBUG] [ruby] Activating gem :/ruby/gems/3.2.0/specifications/delegate-0.3.0.gemspec
[16:05:20.577457 DEBUG] [ruby] Activating gem :/ruby/gems/3.2.0/specifications/did_you_mean-1.6.3.gemspec
[16:05:20.577507 DEBUG] [ruby] Activating gem :/ruby/gems/3.2.0/specifications/digest-3.1.1.gemspec
[16:05:20.577537 DEBUG] [ruby] Activating gem :/ruby/gems/3.2.0/specifications/ruby2_keywords-0.0.5.gemspec
[16:05:20.577573 DEBUG] [ruby] Activating gem :/ruby/gems/3.2.0/specifications/drb-2.1.1.gemspec
[16:05:20.577626 DEBUG] [ruby] Activating gem :/ruby/gems/3.2.0/specifications/english-0.7.2.gemspec
[16:05:20.577681 DEBUG] [ruby] Activating gem :/ruby/gems/3.2.0/specifications/erb-4.0.2.gemspec
[16:05:20.577777 DEBUG] [ruby] Activating gem :/ruby/gems/3.2.0/specifications/error_highlight-0.5.1.gemspec
[16:05:20.577818 DEBUG] [ruby] Activating gem :/ruby/gems/3.2.0/specifications/etc-1.4.2.gemspec
[16:05:20.577848 DEBUG] [ruby] Activating gem :/ruby/gems/3.2.0/specifications/fcntl-1.0.2.gemspec
[16:05:20.577881 DEBUG] [ruby] Activating gem :/ruby/gems/3.2.0/specifications/fiddle-1.1.1.gemspec
[16:05:20.577938 DEBUG] [ruby] Activating gem :/ruby/gems/3.2.0/specifications/fileutils-1.7.0.gemspec
[16:05:20.577972 DEBUG] [ruby] Activating gem :/ruby/gems/3.2.0/specifications/find-0.1.1.gemspec
[16:05:20.578009 DEBUG] [ruby] Activating gem :/ruby/gems/3.2.0/specifications/forwardable-1.3.3.gemspec
[16:05:20.578048 DEBUG] [ruby] Activating gem :/ruby/gems/3.2.0/specifications/getoptlong-0.2.0.gemspec
[16:05:20.578084 DEBUG] [ruby] Activating gem :/ruby/gems/3.2.0/specifications/io-nonblock-0.2.0.gemspec
[16:05:20.578117 DEBUG] [ruby] Activating gem :/ruby/gems/3.2.0/specifications/io-wait-0.3.0.gemspec
[16:05:20.578146 DEBUG] [ruby] Activating gem :/ruby/gems/3.2.0/specifications/ipaddr-1.2.5.gemspec
[16:05:20.578170 DEBUG] [ruby] Activating gem :/ruby/gems/3.2.0/specifications/json-2.6.3.gemspec
[16:05:20.578193 DEBUG] [ruby] Activating gem :/ruby/gems/3.2.0/specifications/logger-1.5.3.gemspec
[16:05:20.578229 DEBUG] [ruby] Activating gem :/ruby/gems/3.2.0/specifications/mutex_m-0.1.2.gemspec
[16:05:20.578256 DEBUG] [ruby] Activating gem :/ruby/gems/3.2.0/specifications/uri-0.12.1.gemspec
[16:05:20.578299 DEBUG] [ruby] Activating gem :/ruby/gems/3.2.0/specifications/net-http-0.3.2.gemspec
[16:05:20.578346 DEBUG] [ruby] Activating gem :/ruby/gems/3.2.0/specifications/timeout-0.3.1.gemspec
[16:05:20.578372 DEBUG] [ruby] Activating gem :/ruby/gems/3.2.0/specifications/net-protocol-0.2.1.gemspec
[16:05:20.578397 DEBUG] [ruby] Activating gem :/ruby/gems/3.2.0/specifications/nkf-0.1.2.gemspec
[16:05:20.578419 DEBUG] [ruby] Activating gem :/ruby/gems/3.2.0/specifications/observer-0.1.1.gemspec
[16:05:20.578553 DEBUG] [ruby] Activating gem :/ruby/gems/3.2.0/specifications/time-0.2.2.gemspec
[16:05:20.578588 DEBUG] [ruby] Activating gem :/ruby/gems/3.2.0/specifications/stringio-3.0.4.gemspec
[16:05:20.578612 DEBUG] [ruby] Activating gem :/ruby/gems/3.2.0/specifications/open-uri-0.3.0.gemspec
[16:05:20.578647 DEBUG] [ruby] Activating gem :/ruby/gems/3.2.0/specifications/open3-0.1.2.gemspec
[16:05:20.578672 DEBUG] [ruby] Activating gem :/ruby/gems/3.2.0/specifications/openssl-3.1.0.gemspec
[16:05:20.578701 DEBUG] [ruby] Activating gem :/ruby/gems/3.2.0/specifications/optparse-0.3.1.gemspec
[16:05:20.578728 DEBUG] [ruby] Activating gem :/ruby/gems/3.2.0/specifications/ostruct-0.5.5.gemspec
[16:05:20.578754 DEBUG] [ruby] Activating gem :/ruby/gems/3.2.0/specifications/pathname-0.2.1.gemspec
[16:05:20.578776 DEBUG] [ruby] Activating gem :/ruby/gems/3.2.0/specifications/prettyprint-0.1.1.gemspec
[16:05:20.578798 DEBUG] [ruby] Activating gem :/ruby/gems/3.2.0/specifications/pp-0.4.0.gemspec
[16:05:20.578826 DEBUG] [ruby] Activating gem :/ruby/gems/3.2.0/specifications/pstore-0.1.2.gemspec
[16:05:20.578856 DEBUG] [ruby] Activating gem :/ruby/gems/3.2.0/specifications/psych-5.0.1.gemspec
[16:05:20.578894 DEBUG] [ruby] Activating gem :/ruby/gems/3.2.0/specifications/racc-1.6.2.gemspec
[16:05:20.578929 DEBUG] [ruby] Activating gem :/ruby/gems/3.2.0/specifications/rdoc-6.5.0.gemspec
[16:05:20.578988 DEBUG] [ruby] Activating gem :/ruby/gems/3.2.0/specifications/readline-0.0.3.gemspec
[16:05:20.579038 DEBUG] [ruby] Activating gem :/ruby/gems/3.2.0/specifications/readline-ext-0.1.5.gemspec
[16:05:20.579076 DEBUG] [ruby] Activating gem :/ruby/gems/3.2.0/specifications/resolv-0.2.2.gemspec
[16:05:20.579105 DEBUG] [ruby] Activating gem :/ruby/gems/3.2.0/specifications/resolv-replace-0.1.1.gemspec
[16:05:20.579135 DEBUG] [ruby] Activating gem :/ruby/gems/3.2.0/specifications/rinda-0.1.1.gemspec
[16:05:20.579177 DEBUG] [ruby] Activating gem :/ruby/gems/3.2.0/specifications/securerandom-0.2.2.gemspec
[16:05:20.579210 DEBUG] [ruby] Activating gem :/ruby/gems/3.2.0/specifications/set-1.0.3.gemspec
[16:05:20.579243 DEBUG] [ruby] Activating gem :/ruby/gems/3.2.0/specifications/shellwords-0.1.0.gemspec
[16:05:20.579273 DEBUG] [ruby] Activating gem :/ruby/gems/3.2.0/specifications/singleton-0.1.1.gemspec
[16:05:20.579341 DEBUG] [ruby] Activating gem :/ruby/gems/3.2.0/specifications/strscan-3.0.5.gemspec
[16:05:20.579398 DEBUG] [ruby] Activating gem :/ruby/gems/3.2.0/specifications/syntax_suggest-1.0.2.gemspec
[16:05:20.579426 DEBUG] [ruby] Activating gem :/ruby/gems/3.2.0/specifications/syslog-0.1.1.gemspec
[16:05:20.579472 DEBUG] [ruby] Activating gem :/ruby/gems/3.2.0/specifications/tempfile-0.1.3.gemspec
[16:05:20.579505 DEBUG] [ruby] Activating gem :/ruby/gems/3.2.0/specifications/tmpdir-0.1.3.gemspec
[16:05:20.579543 DEBUG] [ruby] Activating gem :/ruby/gems/3.2.0/specifications/tsort-0.1.1.gemspec
[16:05:20.579571 DEBUG] [ruby] Activating gem :/ruby/gems/3.2.0/specifications/un-0.2.1.gemspec
[16:05:20.579599 DEBUG] [ruby] Activating gem :/ruby/gems/3.2.0/specifications/weakref-0.1.2.gemspec
[16:05:20.579636 DEBUG] [ruby] Activating gem :/ruby/gems/3.2.0/specifications/yaml-0.2.1.gemspec
[16:05:20.579662 DEBUG] [ruby] Activating gem :/ruby/gems/3.2.0/specifications/zlib-3.0.0.gemspec
[16:05:20.579696 DEBUG] [ruby] Activating gem :/ruby/3.2.0/specifications/matrix-0.4.3.gemspec
[16:05:20.579812 DEBUG] [ruby] Activating gem :/ruby/3.2.0/specifications/minitest-5.14.4.gemspec
[16:05:20.579897 DEBUG] [ruby] Activating gem :/ruby/gems/3.2.0/specifications/net-ftp-0.2.0.gemspec
[16:05:20.579980 DEBUG] [ruby] Activating gem :/ruby/gems/3.2.0/specifications/net-imap-0.3.4.gemspec
[16:05:20.580061 DEBUG] [ruby] Activating gem :/ruby/gems/3.2.0/specifications/net-pop-0.1.2.gemspec
[16:05:20.580137 DEBUG] [ruby] Activating gem :/ruby/gems/3.2.0/specifications/net-smtp-0.3.3.gemspec
[16:05:20.580212 DEBUG] [ruby] Activating gem :/ruby/gems/3.2.0/specifications/power_assert-2.0.3.gemspec
[16:05:20.580310 DEBUG] [ruby] Activating gem :/ruby/gems/3.2.0/specifications/prime-0.1.2.gemspec
[16:05:20.580406 DEBUG] [ruby] Activating gem :/ruby/3.2.0/specifications/rake-13.2.1.gemspec
[16:05:20.580551 DEBUG] [ruby] Activating gem :/ruby/gems/3.2.0/specifications/rbs-2.8.2.gemspec
[16:05:20.580665 DEBUG] [ruby] Activating gem :/ruby/gems/3.2.0/specifications/rexml-3.2.5.gemspec
[16:05:20.580741 DEBUG] [ruby] Activating gem :/ruby/gems/3.2.0/specifications/rss-0.2.9.gemspec
[16:05:20.580819 DEBUG] [ruby] Activating gem :/ruby/gems/3.2.0/specifications/test-unit-3.5.7.gemspec
[16:05:20.580901 DEBUG] [ruby] Activating gem :/ruby/gems/3.2.0/specifications/typeprof-0.21.3.gemspec
[16:05:20.580992 DEBUG] [ruby] Activating gem :/ruby/3.2.0/specifications/public_suffix-5.1.1.gemspec
[16:05:20.581070 DEBUG] [ruby] Activating gem :/ruby/3.2.0/specifications/addressable-2.8.1.gemspec
[16:05:20.581153 DEBUG] [ruby] Activating gem :/ruby/3.2.0/specifications/ansi-1.5.0.gemspec
[16:05:20.581232 DEBUG] [ruby] Activating gem :/ruby/3.2.0/specifications/ast-2.4.3.gemspec
[16:05:20.581329 DEBUG] [ruby] Activating gem :/ruby/3.2.0/specifications/zliby-0.0.5.gemspec
[16:05:20.581412 DEBUG] [ruby] Activating gem :/ruby/3.2.0/specifications/yamler-0.1.0.gemspec
[16:05:20.581485 DEBUG] [ruby] Activating gem :/ruby/3.2.0/specifications/systemu-2.6.5.gemspec
[16:05:20.581567 DEBUG] [ruby] Activating gem :/ruby/3.2.0/specifications/macaddr-1.7.2.gemspec
[16:05:20.581701 DEBUG] [ruby] Activating gem :/ruby/3.2.0/specifications/uuid-2.3.9.gemspec
[16:05:20.581830 DEBUG] [ruby] Activating gem :/ruby/3.2.0/specifications/ruby-ole-1.2.13.1.gemspec
[16:05:20.581922 DEBUG] [ruby] Activating gem :/ruby/3.2.0/specifications/spreadsheet-1.2.9.gemspec
[16:05:20.582022 DEBUG] [ruby] Activating gem :/ruby/3.2.0/specifications/rubyzip-2.3.2.gemspec
[16:05:20.582118 DEBUG] [ruby] Activating gem :/ruby/3.2.0/specifications/parser-3.2.2.2.gemspec
[16:05:20.582247 DEBUG] [ruby] Activating gem :/ruby/3.2.0/specifications/builder-3.2.4.gemspec
[16:05:20.582373 DEBUG] [ruby] Activating gem :/ruby/3.2.0/specifications/ruby-progressbar-1.13.0.gemspec
[16:05:20.582519 DEBUG] [ruby] Activating gem :/ruby/3.2.0/specifications/minitest-reporters-1.4.3.gemspec
[16:05:20.582680 DEBUG] [ruby] Activating gem :/ruby/3.2.0/specifications/rchardet-1.10.0.gemspec
[16:05:20.582795 DEBUG] [ruby] Activating gem :/ruby/3.2.0/specifications/git-1.13.2.gemspec
[16:05:20.582963 DEBUG] [ruby] Activating gem :/ruby/3.2.0/specifications/openstudio_measure_tester-0.5.2.gemspec
[16:05:20.583191 DEBUG] [ruby] Activating gem :/ruby/3.2.0/specifications/minitar-0.12.1.gemspec
[16:05:20.583309 DEBUG] [ruby] Activating gem :/ruby/3.2.0/specifications/faraday-retry-1.0.3.gemspec
[16:05:20.583417 DEBUG] [ruby] Activating gem :/ruby/3.2.0/specifications/faraday-rack-1.0.0.gemspec
[16:05:20.583510 DEBUG] [ruby] Activating gem :/ruby/3.2.0/specifications/faraday-patron-1.0.0.gemspec
[16:05:20.583614 DEBUG] [ruby] Activating gem :/ruby/3.2.0/specifications/faraday-net_http_persistent-1.2.0.gemspec
[16:05:20.583732 DEBUG] [ruby] Activating gem :/ruby/3.2.0/specifications/faraday-net_http-1.0.2.gemspec
[16:05:20.583835 DEBUG] [ruby] Activating gem :/ruby/3.2.0/specifications/multipart-post-2.4.1.gemspec
[16:05:20.583925 DEBUG] [ruby] Activating gem :/ruby/3.2.0/specifications/faraday-multipart-1.2.0.gemspec
[16:05:20.584049 DEBUG] [ruby] Activating gem :/ruby/3.2.0/specifications/faraday-httpclient-1.0.1.gemspec
[16:05:20.584143 DEBUG] [ruby] Activating gem :/ruby/3.2.0/specifications/faraday-excon-1.1.0.gemspec
[16:05:20.584235 DEBUG] [ruby] Activating gem :/ruby/3.2.0/specifications/faraday-em_synchrony-1.0.1.gemspec
[16:05:20.584367 DEBUG] [ruby] Activating gem :/ruby/3.2.0/specifications/faraday-em_http-1.0.0.gemspec
[16:05:20.584474 DEBUG] [ruby] Activating gem :/ruby/3.2.0/specifications/faraday-1.10.4.gemspec
[16:05:20.584740 DEBUG] [ruby] Activating gem :/ruby/3.2.0/specifications/bcl-0.9.1.gemspec
[16:05:20.584996 DEBUG] [ruby] Activating gem :/ruby/3.2.0/specifications/byebug-11.1.3.gemspec
[16:05:20.585152 DEBUG] [ruby] Activating gem :/ruby/3.2.0/specifications/docile-1.4.1.gemspec
[16:05:20.585246 DEBUG] [ruby] Activating gem :/ruby/3.2.0/specifications/jaro_winkler-1.5.6.gemspec
[16:05:20.585395 DEBUG] [ruby] Activating gem :/ruby/3.2.0/specifications/json-schema-4.3.1.gemspec
[16:05:20.585522 DEBUG] [ruby] Activating gem :/ruby/3.2.0/specifications/msgpack-1.7.2.gemspec
[16:05:20.585724 DEBUG] [ruby] Activating gem :/ruby/3.2.0/specifications/sawyer-0.8.2.gemspec
[16:05:20.585857 DEBUG] [ruby] Activating gem :/ruby/3.2.0/specifications/octokit-4.18.0.gemspec
[16:05:20.588224 DEBUG] [ruby] Activating gem :/ruby/3.2.0/specifications/ruby-ll-2.1.4.gemspec
[16:05:20.588555 DEBUG] [ruby] Activating gem :/ruby/3.2.0/specifications/oga-3.2.gemspec
[16:05:20.588753 DEBUG] [ruby] Activating gem :/ruby/3.2.0/specifications/regexp_parser-2.9.0.gemspec
[16:05:20.588858 DEBUG] [ruby] Activating gem :/ruby/3.2.0/specifications/parallel-1.19.2.gemspec
[16:05:20.588953 DEBUG] [ruby] Activating gem :/ruby/3.2.0/specifications/openstudio-workflow-2.5.0.gemspec
[16:05:20.589055 DEBUG] [ruby] Activating gem :/ruby/3.2.0/specifications/openstudio-extension-0.9.7.gemspec
[16:05:20.589302 DEBUG] [ruby] Activating gem :/ruby/3.2.0/specifications/oslg-0.4.0.gemspec
[16:05:20.589421 DEBUG] [ruby] Activating gem :/ruby/3.2.0/specifications/osut-0.8.0.gemspec
[16:05:20.589535 DEBUG] [ruby] Activating gem :/ruby/3.2.0/specifications/topolys-0.6.2.gemspec
[16:05:20.589648 DEBUG] [ruby] Activating gem :/ruby/3.2.0/specifications/tbd-3.5.0.gemspec
[16:05:20.589803 DEBUG] [ruby] Activating gem :/ruby/3.2.0/specifications/openstudio-standards-0.8.5.gemspec
[16:05:20.590133 DEBUG] [ruby] Activating gem :/ruby/3.2.0/specifications/rainbow-3.1.1.gemspec
[16:05:20.590258 DEBUG] [ruby] Activating gem :/ruby/3.2.0/specifications/unicode-display_width-2.6.0.gemspec
[16:05:20.590391 DEBUG] [ruby] Activating gem :/ruby/3.2.0/specifications/rubocop-ast-1.30.0.gemspec
[16:05:20.590520 DEBUG] [ruby] Activating gem :/ruby/3.2.0/specifications/rubocop-1.50.0.gemspec
[16:05:20.590732 DEBUG] [ruby] Activating gem :/ruby/3.2.0/specifications/rubocop-checkstyle_formatter-0.6.0.gemspec
[16:05:20.590855 DEBUG] [ruby] Activating gem :/ruby/3.2.0/specifications/rubocop-performance-1.20.0.gemspec
[16:05:20.590979 DEBUG] [ruby] Activating gem :/ruby/3.2.0/specifications/simplecov_json_formatter-0.1.4.gemspec
[16:05:20.591082 DEBUG] [ruby] Activating gem :/ruby/3.2.0/specifications/simplecov-html-0.13.2.gemspec
[16:05:20.591199 DEBUG] [ruby] Activating gem :/ruby/3.2.0/specifications/simplecov-0.22.0.gemspec
[16:05:20.591381 DEBUG] [ruby] Activating gem :/ruby/3.2.0/specifications/sqlite3-1.7.2-x86_64-linux.gemspec
[16:05:20.591493 DEBUG] [ruby] Activating gem :/ruby/3.2.0/specifications/webrick-1.8.2.gemspec
[16:05:20.798792 DEBUG] [openstudio.workflow.OSWorkflow] measure->name()= 'Add Output Variable'
[16:05:20.798845 DEBUG] [openstudio.workflow.OSWorkflow] Current step has 3 arguments
[16:05:20.800314 INFO] [openstudio.workflow.OSWorkflow] Setting argument value 'key_value' to 'este'
[16:05:20.800417 INFO] [openstudio.workflow.OSWorkflow] Setting argument value 'reporting_frequency' to 'timestep'
[16:05:20.800432 INFO] [openstudio.workflow.OSWorkflow] Setting argument value 'variable_name' to 'Zone Mean Air Temperature'
[16:05:20.800465 DEBUG] [openstudio.workflow.OSWorkflow] argumentMap={"key_value": "este", "reporting_frequency": "timestep", "variable_name": "Zone Mean Air Temperature"}
[16:05:20.801419 INFO] [openstudio.measure.OSRunner] The model started with 0 output variable objects.
[16:05:20.801975 INFO] [openstudio.measure.OSRunner] Adding output variable for Zone Mean Air Temperature reporting timestep.
[16:05:20.802022 INFO] [openstudio.measure.OSRunner] Key value for variable is este.
[16:05:20.802153 INFO] [openstudio.measure.OSRunner] The model finished with 1 output variable objects.
[16:05:20.802440 DEBUG] [openstudio.workflow.OSWorkflow] Step Result: Success
[16:05:20.802468 DEBUG] [openstudio.workflow.OSWorkflow] Find model's weather file and update LastEpwFilePath
[16:05:20.802482 DEBUG] [openstudio.workflow.OSWorkflow] Search for weather file /tmp/osmodel-867b-bb4c-460d-ec91-1773871010-0/resources/files/MEX_MOR_Cuernavaca-Matamoros.Intl.AP.767260_TMYx.2009-2023.epw
[16:05:20.802520 DEBUG] [openstudio.workflow.OSWorkflow] Running step 1
[16:05:20.802557 DEBUG] [openstudio.workflow.OSWorkflow] Find model's weather file and update LastEpwFilePath
[16:05:20.802567 DEBUG] [openstudio.workflow.OSWorkflow] Search for weather file /tmp/osmodel-867b-bb4c-460d-ec91-1773871010-0/resources/files/MEX_MOR_Cuernavaca-Matamoros.Intl.AP.767260_TMYx.2009-2023.epw
[16:05:20.802609 DEBUG] [openstudio.workflow.OSWorkflow] Creating run directory for measure in '/tmp/osmodel-867b-bb4c-460d-ec91-1773871010-0/resources/run/001_AddOutputVariable'
[16:05:20.803855 DEBUG] [openstudio.workflow.OSWorkflow] Found AddOutputVariable at primaryScriptPath: '/tmp/osmodel-867b-bb4c-460d-ec91-1773871010-0/resources/measures/AddOutputVariable/measure.rb'
[16:05:20.803897 DEBUG] [openstudio.workflow.OSWorkflow] Class Name: AddOutputVariable
[16:05:20.803911 DEBUG] [openstudio.workflow.OSWorkflow] Measure Script Path: /tmp/osmodel-867b-bb4c-460d-ec91-1773871010-0/resources/measures/AddOutputVariable/measure.rb
[16:05:20.803923 DEBUG] [openstudio.workflow.OSWorkflow] Measure Type: ModelMeasure
[16:05:20.803933 DEBUG] [openstudio.workflow.OSWorkflow] Measure Language: Ruby
[16:05:20.805171 DEBUG] [openstudio.workflow.OSWorkflow] measure->name()= 'Add Output Variable'
[16:05:20.805257 DEBUG] [openstudio.workflow.OSWorkflow] Current step has 2 arguments
[16:05:20.806228 INFO] [openstudio.workflow.OSWorkflow] Setting argument value 'reporting_frequency' to 'timestep'
[16:05:20.806354 INFO] [openstudio.workflow.OSWorkflow] Setting argument value 'variable_name' to 'Site Diffuse Solar Radiation Rate per Area'
[16:05:20.806383 DEBUG] [openstudio.workflow.OSWorkflow] argumentMap={"key_value": "*", "reporting_frequency": "timestep", "variable_name": "Site Diffuse Solar Radiation Rate per Area"}
[16:05:20.806704 INFO] [openstudio.measure.OSRunner] The model started with 1 output variable objects.
[16:05:20.807204 INFO] [openstudio.measure.OSRunner] Adding output variable for Site Diffuse Solar Radiation Rate per Area reporting timestep.
[16:05:20.807253 INFO] [openstudio.measure.OSRunner] Key value for variable is *.
[16:05:20.807367 INFO] [openstudio.measure.OSRunner] The model finished with 2 output variable objects.
[16:05:20.807844 DEBUG] [openstudio.workflow.OSWorkflow] Step Result: Success
[16:05:20.807895 DEBUG] [openstudio.workflow.OSWorkflow] Find model's weather file and update LastEpwFilePath
[16:05:20.807923 DEBUG] [openstudio.workflow.OSWorkflow] Search for weather file /tmp/osmodel-867b-bb4c-460d-ec91-1773871010-0/resources/files/MEX_MOR_Cuernavaca-Matamoros.Intl.AP.767260_TMYx.2009-2023.epw
[16:05:20.807999 DEBUG] [openstudio.workflow.OSWorkflow] Running step 2
[16:05:20.808092 DEBUG] [openstudio.workflow.OSWorkflow] Find model's weather file and update LastEpwFilePath
[16:05:20.808109 DEBUG] [openstudio.workflow.OSWorkflow] Search for weather file /tmp/osmodel-867b-bb4c-460d-ec91-1773871010-0/resources/files/MEX_MOR_Cuernavaca-Matamoros.Intl.AP.767260_TMYx.2009-2023.epw
[16:05:20.808177 DEBUG] [openstudio.workflow.OSWorkflow] Creating run directory for measure in '/tmp/osmodel-867b-bb4c-460d-ec91-1773871010-0/resources/run/002_AddOutputVariable'
[16:05:20.810984 DEBUG] [openstudio.workflow.OSWorkflow] Found AddOutputVariable at primaryScriptPath: '/tmp/osmodel-867b-bb4c-460d-ec91-1773871010-0/resources/measures/AddOutputVariable/measure.rb'
[16:05:20.811022 DEBUG] [openstudio.workflow.OSWorkflow] Class Name: AddOutputVariable
[16:05:20.811032 DEBUG] [openstudio.workflow.OSWorkflow] Measure Script Path: /tmp/osmodel-867b-bb4c-460d-ec91-1773871010-0/resources/measures/AddOutputVariable/measure.rb
[16:05:20.811042 DEBUG] [openstudio.workflow.OSWorkflow] Measure Type: ModelMeasure
[16:05:20.811051 DEBUG] [openstudio.workflow.OSWorkflow] Measure Language: Ruby
[16:05:20.811988 DEBUG] [openstudio.workflow.OSWorkflow] measure->name()= 'Add Output Variable'
[16:05:20.812030 DEBUG] [openstudio.workflow.OSWorkflow] Current step has 2 arguments
[16:05:20.812573 INFO] [openstudio.workflow.OSWorkflow] Setting argument value 'reporting_frequency' to 'timestep'
[16:05:20.812615 INFO] [openstudio.workflow.OSWorkflow] Setting argument value 'variable_name' to 'Site Direct Solar Radiation Rate per Area'
[16:05:20.812635 DEBUG] [openstudio.workflow.OSWorkflow] argumentMap={"key_value": "*", "reporting_frequency": "timestep", "variable_name": "Site Direct Solar Radiation Rate per Area"}
[16:05:20.812944 INFO] [openstudio.measure.OSRunner] The model started with 2 output variable objects.
[16:05:20.813236 INFO] [openstudio.measure.OSRunner] Adding output variable for Site Direct Solar Radiation Rate per Area reporting timestep.
[16:05:20.813260 INFO] [openstudio.measure.OSRunner] Key value for variable is *.
[16:05:20.813315 INFO] [openstudio.measure.OSRunner] The model finished with 3 output variable objects.
[16:05:20.813512 DEBUG] [openstudio.workflow.OSWorkflow] Step Result: Success
[16:05:20.813533 DEBUG] [openstudio.workflow.OSWorkflow] Find model's weather file and update LastEpwFilePath
[16:05:20.813547 DEBUG] [openstudio.workflow.OSWorkflow] Search for weather file /tmp/osmodel-867b-bb4c-460d-ec91-1773871010-0/resources/files/MEX_MOR_Cuernavaca-Matamoros.Intl.AP.767260_TMYx.2009-2023.epw
[16:05:20.813584 DEBUG] [openstudio.workflow.OSWorkflow] Running step 3
[16:05:20.813639 DEBUG] [openstudio.workflow.OSWorkflow] Find model's weather file and update LastEpwFilePath
[16:05:20.813652 DEBUG] [openstudio.workflow.OSWorkflow] Search for weather file /tmp/osmodel-867b-bb4c-460d-ec91-1773871010-0/resources/files/MEX_MOR_Cuernavaca-Matamoros.Intl.AP.767260_TMYx.2009-2023.epw
[16:05:20.813704 DEBUG] [openstudio.workflow.OSWorkflow] Creating run directory for measure in '/tmp/osmodel-867b-bb4c-460d-ec91-1773871010-0/resources/run/003_AddOutputVariable'
[16:05:20.815486 DEBUG] [openstudio.workflow.OSWorkflow] Found AddOutputVariable at primaryScriptPath: '/tmp/osmodel-867b-bb4c-460d-ec91-1773871010-0/resources/measures/AddOutputVariable/measure.rb'
[16:05:20.815537 DEBUG] [openstudio.workflow.OSWorkflow] Class Name: AddOutputVariable
[16:05:20.815547 DEBUG] [openstudio.workflow.OSWorkflow] Measure Script Path: /tmp/osmodel-867b-bb4c-460d-ec91-1773871010-0/resources/measures/AddOutputVariable/measure.rb
[16:05:20.815564 DEBUG] [openstudio.workflow.OSWorkflow] Measure Type: ModelMeasure
[16:05:20.815574 DEBUG] [openstudio.workflow.OSWorkflow] Measure Language: Ruby
[16:05:20.817074 DEBUG] [openstudio.workflow.OSWorkflow] measure->name()= 'Add Output Variable'
[16:05:20.817143 DEBUG] [openstudio.workflow.OSWorkflow] Current step has 3 arguments
[16:05:20.818016 INFO] [openstudio.workflow.OSWorkflow] Setting argument value 'key_value' to 'techo_este'
[16:05:20.818097 INFO] [openstudio.workflow.OSWorkflow] Setting argument value 'reporting_frequency' to 'timestep'
[16:05:20.818109 INFO] [openstudio.workflow.OSWorkflow] Setting argument value 'variable_name' to 'Surface Outside Face Incident Solar Radiation Rate per Area'
[16:05:20.818131 DEBUG] [openstudio.workflow.OSWorkflow] argumentMap={"key_value": "techo_este", "reporting_frequency": "timestep", "variable_name": "Surface Outside Face Incident Solar Radiation Rate per Area"}
[16:05:20.818693 INFO] [openstudio.measure.OSRunner] The model started with 3 output variable objects.
[16:05:20.818986 INFO] [openstudio.measure.OSRunner] Adding output variable for Surface Outside Face Incident Solar Radiation Rate per Area reporting timestep.
[16:05:20.819004 INFO] [openstudio.measure.OSRunner] Key value for variable is techo_este.
[16:05:20.819030 INFO] [openstudio.measure.OSRunner] The model finished with 4 output variable objects.
[16:05:20.819178 DEBUG] [openstudio.workflow.OSWorkflow] Step Result: Success
[16:05:20.819194 DEBUG] [openstudio.workflow.OSWorkflow] Find model's weather file and update LastEpwFilePath
[16:05:20.819206 DEBUG] [openstudio.workflow.OSWorkflow] Search for weather file /tmp/osmodel-867b-bb4c-460d-ec91-1773871010-0/resources/files/MEX_MOR_Cuernavaca-Matamoros.Intl.AP.767260_TMYx.2009-2023.epw
[16:05:20.819239 DEBUG] [openstudio.workflow.OSWorkflow] Running step 4
[16:05:20.819275 DEBUG] [openstudio.workflow.OSWorkflow] Find model's weather file and update LastEpwFilePath
[16:05:20.819306 DEBUG] [openstudio.workflow.OSWorkflow] Search for weather file /tmp/osmodel-867b-bb4c-460d-ec91-1773871010-0/resources/files/MEX_MOR_Cuernavaca-Matamoros.Intl.AP.767260_TMYx.2009-2023.epw
[16:05:20.819348 DEBUG] [openstudio.workflow.OSWorkflow] Creating run directory for measure in '/tmp/osmodel-867b-bb4c-460d-ec91-1773871010-0/resources/run/004_AddOutputVariable'
[16:05:20.820766 DEBUG] [openstudio.workflow.OSWorkflow] Found AddOutputVariable at primaryScriptPath: '/tmp/osmodel-867b-bb4c-460d-ec91-1773871010-0/resources/measures/AddOutputVariable/measure.rb'
[16:05:20.820821 DEBUG] [openstudio.workflow.OSWorkflow] Class Name: AddOutputVariable
[16:05:20.820832 DEBUG] [openstudio.workflow.OSWorkflow] Measure Script Path: /tmp/osmodel-867b-bb4c-460d-ec91-1773871010-0/resources/measures/AddOutputVariable/measure.rb
[16:05:20.820843 DEBUG] [openstudio.workflow.OSWorkflow] Measure Type: ModelMeasure
[16:05:20.820852 DEBUG] [openstudio.workflow.OSWorkflow] Measure Language: Ruby
[16:05:20.822185 DEBUG] [openstudio.workflow.OSWorkflow] measure->name()= 'Add Output Variable'
[16:05:20.822230 DEBUG] [openstudio.workflow.OSWorkflow] Current step has 3 arguments
[16:05:20.823042 INFO] [openstudio.workflow.OSWorkflow] Setting argument value 'key_value' to 'oeste'
[16:05:20.823153 INFO] [openstudio.workflow.OSWorkflow] Setting argument value 'reporting_frequency' to 'timestep'
[16:05:20.823164 INFO] [openstudio.workflow.OSWorkflow] Setting argument value 'variable_name' to 'Zone Mean Air Temperature'
[16:05:20.823186 DEBUG] [openstudio.workflow.OSWorkflow] argumentMap={"key_value": "oeste", "reporting_frequency": "timestep", "variable_name": "Zone Mean Air Temperature"}
[16:05:20.823443 INFO] [openstudio.measure.OSRunner] The model started with 4 output variable objects.
[16:05:20.823613 INFO] [openstudio.measure.OSRunner] Adding output variable for Zone Mean Air Temperature reporting timestep.
[16:05:20.823630 INFO] [openstudio.measure.OSRunner] Key value for variable is oeste.
[16:05:20.823652 INFO] [openstudio.measure.OSRunner] The model finished with 5 output variable objects.
[16:05:20.823763 DEBUG] [openstudio.workflow.OSWorkflow] Step Result: Success
[16:05:20.823778 DEBUG] [openstudio.workflow.OSWorkflow] Find model's weather file and update LastEpwFilePath
[16:05:20.823790 DEBUG] [openstudio.workflow.OSWorkflow] Search for weather file /tmp/osmodel-867b-bb4c-460d-ec91-1773871010-0/resources/files/MEX_MOR_Cuernavaca-Matamoros.Intl.AP.767260_TMYx.2009-2023.epw
[16:05:20.823821 DEBUG] [openstudio.workflow.OSWorkflow] Running step 5
[16:05:20.823852 DEBUG] [openstudio.workflow.OSWorkflow] Find model's weather file and update LastEpwFilePath
[16:05:20.823862 DEBUG] [openstudio.workflow.OSWorkflow] Search for weather file /tmp/osmodel-867b-bb4c-460d-ec91-1773871010-0/resources/files/MEX_MOR_Cuernavaca-Matamoros.Intl.AP.767260_TMYx.2009-2023.epw
[16:05:20.823901 DEBUG] [openstudio.workflow.OSWorkflow] Creating run directory for measure in '/tmp/osmodel-867b-bb4c-460d-ec91-1773871010-0/resources/run/005_AddOutputVariable'
[16:05:20.825831 DEBUG] [openstudio.workflow.OSWorkflow] Found AddOutputVariable at primaryScriptPath: '/tmp/osmodel-867b-bb4c-460d-ec91-1773871010-0/resources/measures/AddOutputVariable/measure.rb'
[16:05:20.825886 DEBUG] [openstudio.workflow.OSWorkflow] Class Name: AddOutputVariable
[16:05:20.825896 DEBUG] [openstudio.workflow.OSWorkflow] Measure Script Path: /tmp/osmodel-867b-bb4c-460d-ec91-1773871010-0/resources/measures/AddOutputVariable/measure.rb
[16:05:20.825906 DEBUG] [openstudio.workflow.OSWorkflow] Measure Type: ModelMeasure
[16:05:20.825915 DEBUG] [openstudio.workflow.OSWorkflow] Measure Language: Ruby
[16:05:20.828190 DEBUG] [openstudio.workflow.OSWorkflow] measure->name()= 'Add Output Variable'
[16:05:20.828348 DEBUG] [openstudio.workflow.OSWorkflow] Current step has 3 arguments
[16:05:20.829178 INFO] [openstudio.workflow.OSWorkflow] Setting argument value 'key_value' to 'techo_oeste'
[16:05:20.829215 INFO] [openstudio.workflow.OSWorkflow] Setting argument value 'reporting_frequency' to 'timestep'
[16:05:20.829226 INFO] [openstudio.workflow.OSWorkflow] Setting argument value 'variable_name' to 'Surface Outside Face Incident Solar Radiation Rate per Area'
[16:05:20.829244 DEBUG] [openstudio.workflow.OSWorkflow] argumentMap={"key_value": "techo_oeste", "reporting_frequency": "timestep", "variable_name": "Surface Outside Face Incident Solar Radiation Rate per Area"}
[16:05:20.829460 INFO] [openstudio.measure.OSRunner] The model started with 5 output variable objects.
[16:05:20.829628 INFO] [openstudio.measure.OSRunner] Adding output variable for Surface Outside Face Incident Solar Radiation Rate per Area reporting timestep.
[16:05:20.829646 INFO] [openstudio.measure.OSRunner] Key value for variable is techo_oeste.
[16:05:20.829669 INFO] [openstudio.measure.OSRunner] The model finished with 6 output variable objects.
[16:05:20.829772 DEBUG] [openstudio.workflow.OSWorkflow] Step Result: Success
[16:05:20.829785 DEBUG] [openstudio.workflow.OSWorkflow] Find model's weather file and update LastEpwFilePath
[16:05:20.829797 DEBUG] [openstudio.workflow.OSWorkflow] Search for weather file /tmp/osmodel-867b-bb4c-460d-ec91-1773871010-0/resources/files/MEX_MOR_Cuernavaca-Matamoros.Intl.AP.767260_TMYx.2009-2023.epw
[16:05:20.829829 DEBUG] [openstudio.workflow.OSWorkflow] Running step 6
[16:05:20.829860 DEBUG] [openstudio.workflow.OSWorkflow] Find model's weather file and update LastEpwFilePath
[16:05:20.829869 DEBUG] [openstudio.workflow.OSWorkflow] Search for weather file /tmp/osmodel-867b-bb4c-460d-ec91-1773871010-0/resources/files/MEX_MOR_Cuernavaca-Matamoros.Intl.AP.767260_TMYx.2009-2023.epw
[16:05:20.829910 DEBUG] [openstudio.workflow.OSWorkflow] Creating run directory for measure in '/tmp/osmodel-867b-bb4c-460d-ec91-1773871010-0/resources/run/006_AddOutputVariable'
[16:05:20.832184 DEBUG] [openstudio.workflow.OSWorkflow] Found AddOutputVariable at primaryScriptPath: '/tmp/osmodel-867b-bb4c-460d-ec91-1773871010-0/resources/measures/AddOutputVariable/measure.rb'
[16:05:20.832230 DEBUG] [openstudio.workflow.OSWorkflow] Class Name: AddOutputVariable
[16:05:20.832241 DEBUG] [openstudio.workflow.OSWorkflow] Measure Script Path: /tmp/osmodel-867b-bb4c-460d-ec91-1773871010-0/resources/measures/AddOutputVariable/measure.rb
[16:05:20.832261 DEBUG] [openstudio.workflow.OSWorkflow] Measure Type: ModelMeasure
[16:05:20.832270 DEBUG] [openstudio.workflow.OSWorkflow] Measure Language: Ruby
[16:05:20.833469 DEBUG] [openstudio.workflow.OSWorkflow] measure->name()= 'Add Output Variable'
[16:05:20.833519 DEBUG] [openstudio.workflow.OSWorkflow] Current step has 2 arguments
[16:05:20.833987 INFO] [openstudio.workflow.OSWorkflow] Setting argument value 'reporting_frequency' to 'timestep'
[16:05:20.834013 INFO] [openstudio.workflow.OSWorkflow] Setting argument value 'variable_name' to 'Site Outdoor Air Drybulb Temperature'
[16:05:20.834031 DEBUG] [openstudio.workflow.OSWorkflow] argumentMap={"key_value": "*", "reporting_frequency": "timestep", "variable_name": "Site Outdoor Air Drybulb Temperature"}
[16:05:20.834230 INFO] [openstudio.measure.OSRunner] The model started with 6 output variable objects.
[16:05:20.834415 INFO] [openstudio.measure.OSRunner] Adding output variable for Site Outdoor Air Drybulb Temperature reporting timestep.
[16:05:20.834436 INFO] [openstudio.measure.OSRunner] Key value for variable is *.
[16:05:20.834461 INFO] [openstudio.measure.OSRunner] The model finished with 7 output variable objects.
[16:05:20.834583 DEBUG] [openstudio.workflow.OSWorkflow] Step Result: Success
[16:05:20.834599 DEBUG] [openstudio.workflow.OSWorkflow] Find model's weather file and update LastEpwFilePath
[16:05:20.834611 DEBUG] [openstudio.workflow.OSWorkflow] Search for weather file /tmp/osmodel-867b-bb4c-460d-ec91-1773871010-0/resources/files/MEX_MOR_Cuernavaca-Matamoros.Intl.AP.767260_TMYx.2009-2023.epw
[16:05:20.834651 INFO] [openstudio.workflow.OSWorkflow] Finished applying OpenStudio Measures.
[16:05:20.834663 INFO] [openstudio.workflow.OSWorkflow] Beginning to execute Reporting Measures's Model Output Requests
[16:05:20.834673 DEBUG] [openstudio.workflow.OSWorkflow] Finding measures of type ReportingMeasure
[16:05:20.834685 INFO] [openstudio.workflow.OSWorkflow] Finished applying Reporting Measures's Model Output Requests.
[16:05:20.839108 DEBUG] [openstudio.workflow.OSWorkflow] Translator - selected = true
[16:05:20.840106 INFO] [openstudio.workflow.OSWorkflow] Beginning the translation to IDF
[16:05:20.857995 WARN] [openstudio.energyplus.ForwardTranslator] OS_ProgramControl is not currently translated
[16:05:20.862499 INFO] [openstudio.workflow.OSWorkflow] Successfully translated to IDF
[16:05:20.862604 DEBUG] [openstudio.workflow.OSWorkflow] EnergyPlusMeasures - selected = true
[16:05:20.862621 INFO] [openstudio.workflow.OSWorkflow] Beginning to execute EnergyPlus Measures.
[16:05:20.862646 DEBUG] [openstudio.workflow.OSWorkflow] Finding measures of type EnergyPlusMeasure
[16:05:20.862662 INFO] [openstudio.workflow.OSWorkflow] Finished applying EnergyPlus Measures.
[16:05:20.863392 DEBUG] [openstudio.workflow.OSWorkflow] ModelicaMeasures - selected = false
[16:05:20.863472 INFO] [openstudio.workflow.OSWorkflow] Skipping job ModelicaMeasures
[16:05:20.863490 DEBUG] [openstudio.workflow.OSWorkflow] PreProcess - selected = true
[16:05:20.866179 INFO] [openstudio.workflow.OSWorkflow] Beginning to collect EnergyPlus output requests from Reporting measures.
[16:05:20.866217 DEBUG] [openstudio.workflow.OSWorkflow] Finding measures of type ReportingMeasure
[16:05:20.866230 INFO] [openstudio.workflow.OSWorkflow] Finished collecting EnergyPlus output requests from Reporting measures.
[16:05:20.866239 INFO] [openstudio.workflow.OSWorkflow] Running EnergyPlus Preprocess
[16:05:20.868135 INFO] [openstudio.workflow.OSWorkflow] Finished preprocess job for EnergyPlus simulation
[16:05:20.871987 DEBUG] [openstudio.workflow.OSWorkflow] Saved final IDF as /tmp/osmodel-867b-bb4c-460d-ec91-1773871010-0/resources/run/in.idf
[16:05:20.872039 DEBUG] [openstudio.workflow.OSWorkflow] EnergyPlus - selected = true
[16:05:20.872103 DEBUG] [openstudio.OSWorkflow.prepareEnergyPlusDir] Original Directory: /home/acb
[16:05:20.872115 DEBUG] [openstudio.OSWorkflow.prepareEnergyPlusDir] Changing To run directory: /tmp/osmodel-867b-bb4c-460d-ec91-1773871010-0/resources/run
[16:05:20.873304 DEBUG] [ApplicationPathHelpers] getOpenStudioModule, info.dli_fname = '/usr/local/openstudioapplication-1.11.0-rc2/bin/../lib/libopenstudiolib.so'
[16:05:20.873459 DEBUG] [PathHelpers] completeAndNormalize: result = /usr/local/openstudioapplication-1.11.0-rc2/lib/libopenstudiolib.so
[16:05:20.873488 DEBUG] [ApplicationPathHelpers] getOpenStudioModule, found '/usr/local/openstudioapplication-1.11.0-rc2/lib/libopenstudiolib.so'
[16:05:20.873516 DEBUG] [ApplicationPathHelpers] Searching for EnergyPlus in '/usr/local/openstudioapplication-1.11.0-rc2/EnergyPlus/energyplus-25.2.0'
[16:05:20.873546 DEBUG] [PathHelpers] completeAndNormalize: result = /usr/local/openstudioapplication-1.11.0-rc2/EnergyPlus/energyplus-25.2.0
[16:05:20.873558 DEBUG] [ApplicationPathHelpers] Found EnergyPlus at '/usr/local/openstudioapplication-1.11.0-rc2/EnergyPlus/energyplus-25.2.0'
[16:05:20.873581 DEBUG] [PathHelpers] completeAndNormalize: result = /usr/local/openstudioapplication-1.11.0-rc2/EnergyPlus/energyplus-25.2.0
[16:05:20.927569 INFO] [openstudio.OSWorkflow.prepareEnergyPlusDir] EnergyPlus executable path is /usr/local/openstudioapplication-1.11.0-rc2/EnergyPlus/energyplus
[16:05:20.927635 INFO] [openstudio.OSWorkflow.prepareEnergyPlusDir] ExpandObjects executable path is /usr/local/openstudioapplication-1.11.0-rc2/EnergyPlus/ExpandObjects
[16:05:20.927657 INFO] [openstudio.workflow.OSWorkflow] Starting simulation in run directory: /tmp/osmodel-867b-bb4c-460d-ec91-1773871010-0/resources/run
[16:05:20.934023 INFO] [openstudio.workflow.OSWorkflow] Running command '"/usr/local/openstudioapplication-1.11.0-rc2/EnergyPlus/ExpandObjects"'
[16:05:20.951613 INFO] [openstudio.workflow.OSWorkflow] Running command '"/usr/local/openstudioapplication-1.11.0-rc2/EnergyPlus/energyplus" in.idf'
[16:05:22.483395 INFO] [openstudio.workflow.OSWorkflow] EnergyPlus returned '0'
[16:05:22.483921 INFO] [openstudio.workflow.OSWorkflow] EnergyPlus finished with 15 warnings and 0 severe errors
[16:05:22.483967 INFO] [openstudio.OSWorkflow.prepareEnergyPlusDir] Removing any copied EnergyPlus files
[16:05:22.484715 DEBUG] [openstudio.OSWorkflow.prepareEnergyPlusDir] Changing Current Directory back to: /home/acb
[16:05:22.484782 DEBUG] [openstudio.workflow.OSWorkflow] Modelica - selected = false
[16:05:22.484793 INFO] [openstudio.workflow.OSWorkflow] Skipping job Modelica
[16:05:22.484803 DEBUG] [openstudio.workflow.OSWorkflow] ReportingMeasures - selected = true
[16:05:22.484905 INFO] [openstudio.workflow.OSWorkflow] Beginning to execute Reporting Measures.
[16:05:22.484917 DEBUG] [openstudio.workflow.OSWorkflow] Finding measures of type ReportingMeasure
[16:05:22.484931 INFO] [openstudio.workflow.OSWorkflow] Finished applying Reporting Measures.
[16:05:22.485321 DEBUG] [openstudio.workflow.OSWorkflow] PostProcess - selected = true
[16:05:22.485346 INFO] [openstudio.workflow.OSWorkflow] Gathering reports
[16:05:22.485385 INFO] [openstudio.workflow.Util] Run directory: /tmp/osmodel-867b-bb4c-460d-ec91-1773871010-0/resources/run
[16:05:22.485429 INFO] [openstudio.workflow.Util] Reports directory/tmp/osmodel-867b-bb4c-460d-ec91-1773871010-0/resources
[16:05:22.485443 INFO] [openstudio.workflow.Util] Saving EnergyPlus HTML report to /tmp/osmodel-867b-bb4c-460d-ec91-1773871010-0/resources/reports/eplustbl.html
[16:05:22.485793 INFO] [openstudio.workflow.Util] Removing empty directory /tmp/osmodel-867b-bb4c-460d-ec91-1773871010-0/resources/run/002_AddOutputVariable
[16:05:22.485846 INFO] [openstudio.workflow.Util] Removing empty directory /tmp/osmodel-867b-bb4c-460d-ec91-1773871010-0/resources/run/000_AddOutputVariable
[16:05:22.485885 INFO] [openstudio.workflow.Util] Removing empty directory /tmp/osmodel-867b-bb4c-460d-ec91-1773871010-0/resources/run/006_AddOutputVariable
[16:05:22.485918 INFO] [openstudio.workflow.Util] Removing empty directory /tmp/osmodel-867b-bb4c-460d-ec91-1773871010-0/resources/run/004_AddOutputVariable
[16:05:22.485956 INFO] [openstudio.workflow.Util] Removing empty directory /tmp/osmodel-867b-bb4c-460d-ec91-1773871010-0/resources/run/003_AddOutputVariable
[16:05:22.485989 INFO] [openstudio.workflow.Util] Removing empty directory /tmp/osmodel-867b-bb4c-460d-ec91-1773871010-0/resources/run/005_AddOutputVariable
[16:05:22.486028 INFO] [openstudio.workflow.Util] Removing empty directory /tmp/osmodel-867b-bb4c-460d-ec91-1773871010-0/resources/run/001_AddOutputVariable
[16:05:22.486061 INFO] [openstudio.workflow.OSWorkflow] Finished gathering reports
[16:05:22.486079 DEBUG] [openstudio.workflow.OSWorkflow] Cleanup - selected = true
[16:05:22.486091 INFO] [openstudio.workflow.OSWorkflow] Beginning cleanup of the run directory
[16:05:22.486253 INFO] [openstudio.workflow.OSWorkflow] Finished cleanup of the run directory
